<?xml version="1.0" encoding="UTF-8"?>
<testng-results ignored="0" total="1" passed="1" failed="0" skipped="0">
  <reporter-output>
  </reporter-output>
  <suite started-at="2025-04-08T23:15:33 IST" name="MySeleniumSuite" finished-at="2025-04-08T23:15:36 IST" duration-ms="3240">
    <groups>
    </groups>
    <test started-at="2025-04-08T23:15:33 IST" name="LoginTest" finished-at="2025-04-08T23:15:36 IST" duration-ms="3240">
      <class name="com.selenium.tests.LoginTest">
        <test-method signature="openGoogle()[pri:0, instance:com.selenium.tests.LoginTest@4f209819]" started-at="2025-04-08T23:15:33 IST" name="openGoogle" finished-at="2025-04-08T23:15:36 IST" duration-ms="3209" status="PASS">
          <reporter-output>
          </reporter-output>
        </test-method> <!-- openGoogle -->
      </class> <!-- com.selenium.tests.LoginTest -->
    </test> <!-- LoginTest -->
  </suite> <!-- MySeleniumSuite -->
</testng-results>
